<?xml version="1.0" encoding="UTF-8"?>
<!-- Generated by org.testng.reporters.JUnitXMLReporter -->
<testsuite hostname="DESKTOP-JI7FKHF" name="Test" tests="5" failures="1" timestamp="27 Aug 2021 12:21:28 GMT" time="106.144" errors="0">
  <testcase name="createorganisation" time="9.458" classname="Querypackage.CreateorgTest">
    <skipped/>
  </testcase> <!-- createorganisation -->
  <testcase name="createorganisation" time="8.493" classname="Querypackage.CreateorgTest">
    <skipped/>
  </testcase> <!-- createorganisation -->
  <testcase name="createorganisation" time="8.96" classname="Querypackage.CreateorgTest">
    <skipped/>
  </testcase> <!-- createorganisation -->
  <testcase name="createorganisation" time="5.875" classname="Querypackage.CreateorgTest">
    <failure type="junit.framework.AssertionFailedError" message="expected:&amp;lt;false&amp;gt; but was:&amp;lt;true&amp;gt;">
      <![CDATA[junit.framework.AssertionFailedError: expected:<false> but was:<true>
	at junit.framework.Assert.fail(Assert.java:50)
	at junit.framework.Assert.failNotEquals(Assert.java:287)
	at junit.framework.Assert.assertEquals(Assert.java:67)
	at junit.framework.Assert.assertEquals(Assert.java:147)
	at junit.framework.Assert.assertEquals(Assert.java:153)
	at Querypackage.CreateorgTest.createorganisation(CreateorgTest.java:70)
... Removed 25 stack frames]]>
    </failure>
  </testcase> <!-- createorganisation -->
  <testcase name="purchaseorder" time="18.131" classname="Querypackage.CreateorgTest"/>
</testsuite> <!-- Test -->
